<?xml version="1.0" encoding="UTF-8"?>
<testng-results ignored="0" total="1" passed="1" failed="0" skipped="0">
  <reporter-output>
  </reporter-output>
  <suite started-at="2024-07-31T13:29:52 EDT" name="Default suite" finished-at="2024-07-31T13:30:06 EDT" duration-ms="13374">
    <groups>
    </groups>
    <test started-at="2024-07-31T13:29:52 EDT" name="Default test" finished-at="2024-07-31T13:30:06 EDT" duration-ms="13374">
      <class name="com.example.NewTest">
        <test-method is-config="true" signature="beforeMethod()[pri:0, instance:com.example.NewTest@4b013c76]" started-at="2024-07-31T13:29:53 EDT" name="beforeMethod" finished-at="2024-07-31T13:30:04 EDT" duration-ms="11868" status="PASS">
          <reporter-output>
          </reporter-output>
        </test-method> <!-- beforeMethod -->
        <test-method signature="f()[pri:0, instance:com.example.NewTest@4b013c76]" started-at="2024-07-31T13:30:04 EDT" name="f" finished-at="2024-07-31T13:30:04 EDT" duration-ms="7" status="PASS">
          <reporter-output>
          </reporter-output>
        </test-method> <!-- f -->
        <test-method is-config="true" signature="afterMethod()[pri:0, instance:com.example.NewTest@4b013c76]" started-at="2024-07-31T13:30:04 EDT" name="afterMethod" finished-at="2024-07-31T13:30:06 EDT" duration-ms="1441" status="PASS">
          <reporter-output>
          </reporter-output>
        </test-method> <!-- afterMethod -->
      </class> <!-- com.example.NewTest -->
    </test> <!-- Default test -->
  </suite> <!-- Default suite -->
</testng-results>
